<?xml version="1.0" encoding="UTF-8"?>
<!-- Generated by org.testng.reporters.JUnitXMLReporter -->
<testsuite ignored="0" hostname="HP-AB-521TX" failures="0" tests="7" name="Default test" time="57.014" errors="0" timestamp="2021-04-13T12:37:51 IST">
  <testcase classname="com.saurav.testcases.SimpleOrderTest" name="addingProduct1" time="1.437"/>
  <testcase classname="com.saurav.testcases.SimpleOrderTest" name="addingProduct2" time="4.707"/>
  <testcase classname="com.saurav.testcases.SimpleOrderTest" name="clickOnSummaryPageCheckout" time="2.212"/>
  <testcase classname="com.saurav.testcases.SimpleOrderTest" name="clickOnAddressPageCheckout" time="4.369"/>
  <testcase classname="com.saurav.testcases.SimpleOrderTest" name="shippingPageTest" time="2.802"/>
  <testcase classname="com.saurav.testcases.SimpleOrderTest" name="paymentPageTest" time="13.752"/>
  <testcase classname="com.saurav.testcases.SimpleOrderTest" name="printOrderid" time="0.356"/>
</testsuite> <!-- Default test -->
