<?xml version="1.0" encoding="UTF-8"?>
<!-- Generated by org.testng.reporters.JUnitXMLReporter -->
<testsuite ignored="0" hostname="HP-AB-521TX" failures="0" tests="7" name="Test" time="61.459" errors="0" timestamp="2021-04-13T12:49:03 IST">
  <testcase classname="com.saurav.testcases.SimpleOrderTest" name="addingProduct1" time="3.122"/>
  <testcase classname="com.saurav.testcases.SimpleOrderTest" name="addingProduct2" time="5.86"/>
  <testcase classname="com.saurav.testcases.SimpleOrderTest" name="clickOnSummaryPageCheckout" time="2.341"/>
  <testcase classname="com.saurav.testcases.SimpleOrderTest" name="clickOnAddressPageCheckout" time="1.932"/>
  <testcase classname="com.saurav.testcases.SimpleOrderTest" name="shippingPageTest" time="3.684"/>
  <testcase classname="com.saurav.testcases.SimpleOrderTest" name="paymentPageTest" time="8.999"/>
  <testcase classname="com.saurav.testcases.SimpleOrderTest" name="printOrderid" time="0.252"/>
</testsuite> <!-- Test -->
