<?xml version="1.0" encoding="UTF-8"?>
<!-- Generated by org.testng.reporters.JUnitXMLReporter -->
<testsuite ignored="0" hostname="HP-AB-521TX" failures="1" tests="2" name="Test" time="18.043" errors="0" timestamp="2021-04-13T12:35:08 IST">
  <testcase classname="com.saurav.testcases.HomePageTest" name="verifyHomePageTitle" time="0.024">
    <failure type="java.lang.AssertionError" message="expected [MyStore] but found [My Store]">
      <![CDATA[java.lang.AssertionError: expected [MyStore] but found [My Store]
at com.saurav.testcases.HomePageTest.verifyHomePageTitle(HomePageTest.java:30)
at java.base/java.util.ArrayList.forEach(ArrayList.java:1511)
... Removed 37 stack frames]]>
    </failure>
  </testcase> <!-- verifyHomePageTitle -->
  <testcase classname="com.saurav.testcases.HomePageTest" name="verifyWebsiteEmail" time="0.044"/>
</testsuite> <!-- Test -->
