-------------------------------------------------------------------------------
Test set: TestSuite
-------------------------------------------------------------------------------
Tests run: 2, Failures: 1, Errors: 0, Skipped: 0, Time elapsed: 20.163 s <<< FAILURE! - in TestSuite
verifyHomePageTitle(com.saurav.testcases.HomePageTest)  Time elapsed: 0.045 s  <<< FAILURE!
java.lang.AssertionError: expected [MyStore] but found [My Store]
	at com.saurav.testcases.HomePageTest.verifyHomePageTitle(HomePageTest.java:30)

